<?xml version="1.0" encoding="UTF-8"?>
<!-- Generated by org.testng.reporters.JUnitXMLReporter -->
<testsuite hostname="LAPTOP-IS3DCPF8" ignored="2" name="Test4(failed)" tests="2" failures="0" timestamp="2022-11-08T22:04:45 IST" time="28.192" errors="0">
  <testcase name="organizationTitle" time="5.119" classname="Titles.TitlesTest"/>
  <testcase name="sMSNotifier" time="3.783" classname="Titles.TitlesTest"/>
  <testcase name="contacts" time="0.0" classname="Titles.TitlesTest">
    <ignored/>
  </testcase> <!-- contacts -->
  <testcase name="homePageTitle" time="0.0" classname="Titles.TitlesTest">
    <ignored/>
  </testcase> <!-- homePageTitle -->
</testsuite> <!-- Test4(failed) -->
