<?xml version="1.0" encoding="UTF-8"?>
<!-- Generated by org.testng.reporters.JUnitXMLReporter -->
<testsuite hostname="LAPTOP-IS3DCPF8" ignored="1" name="Default test" tests="22" failures="0" timestamp="2022-11-08T21:57:45 IST" time="28.726" errors="0">
  <testcase name="ModifyCustomer" time="0.009" classname="Practice.CreateCustomerTest"/>
  <testcase name="createCustomer" time="0.001" classname="Practice.CreateCustomerTest"/>
  <testcase name="createCustomer" time="0.002" classname="Practice.CreateCustomerTest"/>
  <testcase name="updateCustomer" time="0.001" classname="Practice.CreateCustomerTest"/>
  <testcase name="updateCustomer" time="0.001" classname="Practice.CreateCustomerTest"/>
  <testcase name="updateCustomer" time="0.001" classname="Practice.CreateCustomerTest"/>
  <testcase name="zModifyCustomer" time="0.002" classname="Practice.CreateCustomerTest"/>
  <testcase name="places" time="0.001" classname="Practice.ExcelData"/>
  <testcase name="places" time="0.001" classname="Practice.ExcelData"/>
  <testcase name="places" time="0.001" classname="Practice.ExcelData"/>
  <testcase name="places" time="0.001" classname="Practice.ExcelData"/>
  <testcase name="places" time="0.001" classname="Practice.ExcelData"/>
  <testcase name="places" time="0.002" classname="Practice.ExcelData"/>
  <testcase name="places" time="0.001" classname="Practice.ExcelData"/>
  <testcase name="places" time="0.001" classname="Practice.ExcelData"/>
  <testcase name="bookTicket" time="0.001" classname="Practice.DataProviders"/>
  <testcase name="bookTicket" time="0.002" classname="Practice.DataProviders"/>
  <testcase name="bookTicket" time="0.002" classname="Practice.DataProviders"/>
  <testcase name="contacts" time="4.419" classname="Titles.TitlesTest"/>
  <testcase name="homePageTitle" time="0.006" classname="Titles.TitlesTest"/>
  <testcase name="organizationTitle" time="2.931" classname="Titles.TitlesTest"/>
  <testcase name="sMSNotifier" time="2.601" classname="Titles.TitlesTest"/>
  <testcase name="deleteCustomer" time="0.0" classname="Practice.CreateCustomerTest">
    <ignored/>
  </testcase> <!-- deleteCustomer -->
</testsuite> <!-- Default test -->
