<?xml version="1.0" encoding="UTF-8"?>
<!-- Generated by org.testng.reporters.JUnitXMLReporter -->
<testsuite hostname="LAPTOP-IS3DCPF8" ignored="0" name="Chrome" tests="4" failures="0" timestamp="2022-11-09T10:41:53 IST" time="36.865" errors="0">
  <testcase name="contacts" time="4.724" classname="Titles.TitlesTest"/>
  <testcase name="homePageTitle" time="0.019" classname="Titles.TitlesTest"/>
  <testcase name="organizationTitle" time="4.853" classname="Titles.TitlesTest"/>
  <testcase name="sMSNotifier" time="4.081" classname="Titles.TitlesTest"/>
</testsuite> <!-- Chrome -->
