<?xml version="1.0" encoding="UTF-8"?>
<!-- Generated by org.testng.reporters.JUnitXMLReporter -->
<testsuite hostname="LAPTOP-IS3DCPF8" ignored="0" name="Edge" tests="4" failures="0" timestamp="2022-11-09T10:41:54 IST" time="38.418" errors="0">
  <testcase name="contacts" time="5.066" classname="Titles.TitlesTest"/>
  <testcase name="homePageTitle" time="0.01" classname="Titles.TitlesTest"/>
  <testcase name="organizationTitle" time="4.588" classname="Titles.TitlesTest"/>
  <testcase name="sMSNotifier" time="4.903" classname="Titles.TitlesTest"/>
</testsuite> <!-- Edge -->
