<?xml version="1.0" encoding="UTF-8"?>
<!-- Generated by org.testng.reporters.JUnitXMLReporter -->
<testsuite hostname="LAPTOP-IS3DCPF8" ignored="0" name="FireFox" tests="4" failures="0" timestamp="2022-11-09T10:41:56 IST" time="39.862" errors="0">
  <testcase name="contacts" time="4.789" classname="Titles.TitlesTest"/>
  <testcase name="homePageTitle" time="0.007" classname="Titles.TitlesTest"/>
  <testcase name="organizationTitle" time="4.364" classname="Titles.TitlesTest"/>
  <testcase name="sMSNotifier" time="4.482" classname="Titles.TitlesTest"/>
</testsuite> <!-- FireFox -->
