<?xml version="1.0" encoding="UTF-8"?>
<!-- Generated by org.testng.reporters.JUnitXMLReporter -->
<testsuite hostname="LAPTOP-IS3DCPF8" ignored="0" name="Opera" tests="4" failures="0" timestamp="2022-11-09T10:41:53 IST" time="37.349" errors="0">
  <testcase name="contacts" time="5.435" classname="Titles.TitlesTest"/>
  <testcase name="homePageTitle" time="0.014" classname="Titles.TitlesTest"/>
  <testcase name="organizationTitle" time="4.632" classname="Titles.TitlesTest"/>
  <testcase name="sMSNotifier" time="4.171" classname="Titles.TitlesTest"/>
</testsuite> <!-- Opera -->
