<?xml version="1.0" encoding="UTF-8"?>
<!-- Generated by org.testng.reporters.JUnitXMLReporter -->
<testsuite hostname="LAPTOP-IS3DCPF8" ignored="0" name="Test3" tests="4" failures="0" timestamp="2022-11-09T10:40:29 IST" time="43.231" errors="0">
  <testcase name="contacts" time="9.982" classname="Titles.TitlesTest"/>
  <testcase name="homePageTitle" time="0.01" classname="Titles.TitlesTest"/>
  <testcase name="organizationTitle" time="4.365" classname="Titles.TitlesTest"/>
  <testcase name="sMSNotifier" time="3.792" classname="Titles.TitlesTest"/>
</testsuite> <!-- Test3 -->
