<?xml version="1.0" encoding="UTF-8"?>
<!-- Generated by org.testng.reporters.JUnitXMLReporter -->
<testsuite hostname="LAPTOP-IS3DCPF8" ignored="0" name="Test4" tests="4" failures="0" timestamp="2022-11-09T10:40:29 IST" time="43.233" errors="0">
  <testcase name="contacts" time="10.048" classname="Titles.TitlesTest"/>
  <testcase name="homePageTitle" time="0.014" classname="Titles.TitlesTest"/>
  <testcase name="organizationTitle" time="3.967" classname="Titles.TitlesTest"/>
  <testcase name="sMSNotifier" time="3.51" classname="Titles.TitlesTest"/>
</testsuite> <!-- Test4 -->
