<?xml version="1.0" encoding="UTF-8"?>
<!-- Generated by org.testng.reporters.JUnitXMLReporter -->
<testsuite hostname="LAPTOP-IS3DCPF8" ignored="1" name="Test2(failed)(failed)" tests="3" failures="0" timestamp="2022-11-08T22:06:00 IST" time="31.61" errors="0">
  <testcase name="contacts" time="4.915" classname="Titles.TitlesTest"/>
  <testcase name="organizationTitle" time="4.21" classname="Titles.TitlesTest"/>
  <testcase name="sMSNotifier" time="4.453" classname="Titles.TitlesTest"/>
  <testcase name="homePageTitle" time="0.0" classname="Titles.TitlesTest">
    <ignored/>
  </testcase> <!-- homePageTitle -->
</testsuite> <!-- Test2(failed)(failed) -->
